2025-04-03 09:49:44,434 INFO o.h.v.i.u.Version [background-preinit] HV000001: Hibernate Validator 8.0.1.Final
2025-04-03 09:49:44,461 INFO o.s.b.StartupInfoLogger [restartedMain] Starting Topic43Application using Java 21.0.1 with PID 57749 (/Users/amypark/Documents/GitHub/CST-323/target/classes started by amypark in /Users/amypark/Documents/GitHub/CST-323)
2025-04-03 09:49:44,461 DEBUG o.s.b.StartupInfoLogger [restartedMain] Running with Spring Boot v3.2.2, Spring v6.1.3
2025-04-03 09:49:44,461 INFO o.s.b.SpringApplication [restartedMain] No active profile set, falling back to 1 default profile: "default"
2025-04-03 09:49:44,623 INFO o.s.b.l.DeferredLog [restartedMain] The Class-Path manifest attribute in /Users/amypark/.m2/repository/com/sun/xml/bind/jaxb-impl/4.0.4/jaxb-impl-4.0.4.jar referenced one or more files that do not exist: file:/Users/amypark/.m2/repository/com/sun/xml/bind/jaxb-impl/4.0.4/jaxb-core.jar,file:/Users/amypark/.m2/repository/com/sun/xml/bind/jaxb-impl/4.0.4/angus-activation.jar
2025-04-03 09:49:44,623 INFO o.s.b.l.DeferredLog [restartedMain] The Class-Path manifest attribute in /Users/amypark/.m2/repository/com/sun/xml/bind/jaxb-core/4.0.4/jaxb-core-4.0.4.jar referenced one or more files that do not exist: file:/Users/amypark/.m2/repository/com/sun/xml/bind/jaxb-core/4.0.4/jakarta.activation-api.jar,file:/Users/amypark/.m2/repository/com/sun/xml/bind/jaxb-core/4.0.4/jakarta.xml.bind-api.jar
2025-04-03 09:49:44,623 INFO o.s.b.l.DeferredLog [restartedMain] Devtools property defaults active! Set 'spring.devtools.add-properties' to 'false' to disable
2025-04-03 09:49:44,624 INFO o.s.b.l.DeferredLog [restartedMain] For additional web related logging consider setting the 'logging.level.web' property to 'DEBUG'
2025-04-03 09:49:45,018 INFO o.s.d.r.c.RepositoryConfigurationDelegate [restartedMain] Bootstrapping Spring Data JDBC repositories in DEFAULT mode.
2025-04-03 09:49:45,046 INFO o.s.d.r.c.RepositoryConfigurationDelegate [restartedMain] Finished Spring Data repository scanning in 24 ms. Found 1 JDBC repository interface.
2025-04-03 09:49:45,330 INFO o.s.b.w.e.t.TomcatWebServer [restartedMain] Tomcat initialized with port 8080 (http)
2025-04-03 09:49:45,336 INFO o.a.j.l.DirectJDKLog [restartedMain] Initializing ProtocolHandler ["http-nio-8080"]
2025-04-03 09:49:45,337 INFO o.a.j.l.DirectJDKLog [restartedMain] Starting service [Tomcat]
2025-04-03 09:49:45,338 INFO o.a.j.l.DirectJDKLog [restartedMain] Starting Servlet engine: [Apache Tomcat/10.1.18]
2025-04-03 09:49:45,357 INFO o.a.j.l.DirectJDKLog [restartedMain] Initializing Spring embedded WebApplicationContext
2025-04-03 09:49:45,357 INFO o.s.b.w.s.c.ServletWebServerApplicationContext [restartedMain] Root WebApplicationContext: initialization completed in 732 ms
2025-04-03 09:49:45,440 INFO c.z.h.HikariDataSource [restartedMain] HikariPool-1 - Starting...
2025-04-03 09:49:46,530 INFO c.z.h.p.HikariPool [restartedMain] HikariPool-1 - Added connection com.mysql.cj.jdbc.ConnectionImpl@4a2e6d80
2025-04-03 09:49:46,533 INFO c.z.h.HikariDataSource [restartedMain] HikariPool-1 - Start completed.
2025-04-03 09:49:46,609 INFO o.s.b.d.a.OptionalLiveReloadServer [restartedMain] LiveReload server is running on port 35729
2025-04-03 09:49:46,843 INFO o.a.j.l.DirectJDKLog [restartedMain] Starting ProtocolHandler ["http-nio-8080"]
2025-04-03 09:49:46,851 INFO o.s.b.w.e.t.TomcatWebServer [restartedMain] Tomcat started on port 8080 (http) with context path ''
2025-04-03 09:49:46,857 INFO o.s.b.StartupInfoLogger [restartedMain] Started Topic43Application in 2.559 seconds (process running for 2.912)
2025-04-03 09:49:52,244 INFO o.a.j.l.DirectJDKLog [http-nio-8080-exec-1] Initializing Spring DispatcherServlet 'dispatcherServlet'
2025-04-03 09:49:52,245 INFO o.s.w.s.FrameworkServlet [http-nio-8080-exec-1] Initializing Servlet 'dispatcherServlet'
2025-04-03 09:49:52,246 INFO o.s.w.s.FrameworkServlet [http-nio-8080-exec-1] Completed initialization in 1 ms
2025-04-03 09:49:53,159 WARN n.n.u.t.e.ExpressionProcessor [http-nio-8080-exec-1] Fragment expression "layouts/defaultTemplate" is being wrapped as a Thymeleaf 3 fragment expression (~{...}) for backwards compatibility purposes.  This wrapping will be dropped in the next major version of the expression processor, so please rewrite as a Thymeleaf 3 fragment expression to future-proof your code.  See https://github.com/thymeleaf/thymeleaf/issues/451 for more information.
2025-04-03 09:49:53,242 WARN o.t.s.p.AbstractStandardFragmentInsertionTagProcessor [http-nio-8080-exec-1] [THYMELEAF][http-nio-8080-exec-1][layouts/defaultTemplate] Deprecated unwrapped fragment expression "layouts/common :: header" found in template layouts/defaultTemplate, line 14, col 14. Please use the complete syntax of fragment expressions instead ("~{layouts/common :: header}"). The old, unwrapped syntax for fragment expressions will be removed in future versions of Thymeleaf.
2025-04-03 09:49:53,313 WARN o.t.s.p.AbstractStandardFragmentInsertionTagProcessor [http-nio-8080-exec-1] [THYMELEAF][http-nio-8080-exec-1][layouts/defaultTemplate] Deprecated unwrapped fragment expression "layouts/common :: footer" found in template layouts/defaultTemplate, line 20, col 14. Please use the complete syntax of fragment expressions instead ("~{layouts/common :: footer}"). The old, unwrapped syntax for fragment expressions will be removed in future versions of Thymeleaf.
2025-04-03 09:50:07,364 INFO c.z.h.HikariDataSource [SpringApplicationShutdownHook] HikariPool-1 - Shutdown initiated...
2025-04-03 09:50:08,439 INFO c.z.h.HikariDataSource [SpringApplicationShutdownHook] HikariPool-1 - Shutdown completed.
