2025-04-04 10:30:15,773 INFO o.h.v.i.u.Version [background-preinit] HV000001: Hibernate Validator 8.0.1.Final
2025-04-04 10:30:15,800 INFO o.s.b.StartupInfoLogger [restartedMain] Starting Topic43Application using Java 21.0.1 with PID 45833 (/Users/amypark/Documents/GitHub/CST-323/target/classes started by amypark in /Users/amypark/Documents/GitHub/CST-323)
2025-04-04 10:30:15,800 DEBUG o.s.b.StartupInfoLogger [restartedMain] Running with Spring Boot v3.2.2, Spring v6.1.3
2025-04-04 10:30:15,800 INFO o.s.b.SpringApplication [restartedMain] No active profile set, falling back to 1 default profile: "default"
2025-04-04 10:30:15,941 INFO o.s.b.l.DeferredLog [restartedMain] The Class-Path manifest attribute in /Users/amypark/.m2/repository/com/sun/xml/bind/jaxb-impl/4.0.4/jaxb-impl-4.0.4.jar referenced one or more files that do not exist: file:/Users/amypark/.m2/repository/com/sun/xml/bind/jaxb-impl/4.0.4/jaxb-core.jar,file:/Users/amypark/.m2/repository/com/sun/xml/bind/jaxb-impl/4.0.4/angus-activation.jar
2025-04-04 10:30:15,941 INFO o.s.b.l.DeferredLog [restartedMain] The Class-Path manifest attribute in /Users/amypark/.m2/repository/com/sun/xml/bind/jaxb-core/4.0.4/jaxb-core-4.0.4.jar referenced one or more files that do not exist: file:/Users/amypark/.m2/repository/com/sun/xml/bind/jaxb-core/4.0.4/jakarta.activation-api.jar,file:/Users/amypark/.m2/repository/com/sun/xml/bind/jaxb-core/4.0.4/jakarta.xml.bind-api.jar
2025-04-04 10:30:15,941 INFO o.s.b.l.DeferredLog [restartedMain] Devtools property defaults active! Set 'spring.devtools.add-properties' to 'false' to disable
2025-04-04 10:30:15,941 INFO o.s.b.l.DeferredLog [restartedMain] For additional web related logging consider setting the 'logging.level.web' property to 'DEBUG'
2025-04-04 10:30:21,190 INFO o.s.d.r.c.RepositoryConfigurationDelegate [restartedMain] Bootstrapping Spring Data JDBC repositories in DEFAULT mode.
2025-04-04 10:30:21,213 INFO o.s.d.r.c.RepositoryConfigurationDelegate [restartedMain] Finished Spring Data repository scanning in 21 ms. Found 1 JDBC repository interface.
2025-04-04 10:30:21,503 INFO o.s.b.w.e.t.TomcatWebServer [restartedMain] Tomcat initialized with port 8080 (http)
2025-04-04 10:30:21,511 INFO o.a.j.l.DirectJDKLog [restartedMain] Initializing ProtocolHandler ["http-nio-8080"]
2025-04-04 10:30:21,512 INFO o.a.j.l.DirectJDKLog [restartedMain] Starting service [Tomcat]
2025-04-04 10:30:21,512 INFO o.a.j.l.DirectJDKLog [restartedMain] Starting Servlet engine: [Apache Tomcat/10.1.18]
2025-04-04 10:30:21,535 INFO o.a.j.l.DirectJDKLog [restartedMain] Initializing Spring embedded WebApplicationContext
2025-04-04 10:30:21,535 INFO o.s.b.w.s.c.ServletWebServerApplicationContext [restartedMain] Root WebApplicationContext: initialization completed in 5593 ms
2025-04-04 10:30:21,618 INFO c.z.h.HikariDataSource [restartedMain] HikariPool-1 - Starting...
2025-04-04 10:30:22,261 INFO c.z.h.p.HikariPool [restartedMain] HikariPool-1 - Added connection com.mysql.cj.jdbc.ConnectionImpl@2c432034
2025-04-04 10:30:22,262 INFO c.z.h.HikariDataSource [restartedMain] HikariPool-1 - Start completed.
2025-04-04 10:30:22,318 INFO o.s.b.d.a.OptionalLiveReloadServer [restartedMain] LiveReload server is running on port 35729
2025-04-04 10:30:22,612 INFO o.a.j.l.DirectJDKLog [restartedMain] Starting ProtocolHandler ["http-nio-8080"]
2025-04-04 10:30:22,625 INFO o.s.b.w.e.t.TomcatWebServer [restartedMain] Tomcat started on port 8080 (http) with context path ''
2025-04-04 10:30:22,631 INFO o.s.b.StartupInfoLogger [restartedMain] Started Topic43Application in 7.009 seconds (process running for 7.477)
2025-04-04 10:30:26,717 INFO o.a.j.l.DirectJDKLog [http-nio-8080-exec-1] Initializing Spring DispatcherServlet 'dispatcherServlet'
2025-04-04 10:30:26,717 INFO o.s.w.s.FrameworkServlet [http-nio-8080-exec-1] Initializing Servlet 'dispatcherServlet'
2025-04-04 10:30:26,720 INFO o.s.w.s.FrameworkServlet [http-nio-8080-exec-1] Completed initialization in 3 ms
2025-04-04 10:30:27,073 WARN n.n.u.t.e.ExpressionProcessor [http-nio-8080-exec-1] Fragment expression "layouts/defaultTemplate" is being wrapped as a Thymeleaf 3 fragment expression (~{...}) for backwards compatibility purposes.  This wrapping will be dropped in the next major version of the expression processor, so please rewrite as a Thymeleaf 3 fragment expression to future-proof your code.  See https://github.com/thymeleaf/thymeleaf/issues/451 for more information.
2025-04-04 10:30:27,173 WARN o.t.s.p.AbstractStandardFragmentInsertionTagProcessor [http-nio-8080-exec-1] [THYMELEAF][http-nio-8080-exec-1][layouts/defaultTemplate] Deprecated unwrapped fragment expression "layouts/common :: header" found in template layouts/defaultTemplate, line 14, col 14. Please use the complete syntax of fragment expressions instead ("~{layouts/common :: header}"). The old, unwrapped syntax for fragment expressions will be removed in future versions of Thymeleaf.
2025-04-04 10:30:27,253 WARN o.t.s.p.AbstractStandardFragmentInsertionTagProcessor [http-nio-8080-exec-1] [THYMELEAF][http-nio-8080-exec-1][layouts/defaultTemplate] Deprecated unwrapped fragment expression "layouts/common :: footer" found in template layouts/defaultTemplate, line 20, col 14. Please use the complete syntax of fragment expressions instead ("~{layouts/common :: footer}"). The old, unwrapped syntax for fragment expressions will be removed in future versions of Thymeleaf.
2025-04-04 10:35:41,883 INFO c.z.h.HikariDataSource [SpringApplicationShutdownHook] HikariPool-1 - Shutdown initiated...
2025-04-04 10:35:41,891 INFO c.z.h.HikariDataSource [SpringApplicationShutdownHook] HikariPool-1 - Shutdown completed.
